<?xml version="1.0" encoding="UTF-8"?>
<robot generator="Robot 3.1.1 (Python 3.9.6 on win32)" generated="20240524 14:56:22.612" rpa="false">
<suite id="s1" name="BSQ2023001-P8-URM-AutoTest-I-20231228" source="F:\Salvation\tmp\autoScript\uid_1\55e7230f-b9c0-4a89-b1a4-81b8aa0b6436\BSQ2023001-P8-URM-AutoTest-I-20231228">
<suite id="s1-s1" name="Programs" source="F:\Salvation\tmp\autoScript\uid_1\55e7230f-b9c0-4a89-b1a4-81b8aa0b6436\BSQ2023001-P8-URM-AutoTest-I-20231228\Programs">
<kw name="登录2" library="公用关键字" type="setup">
<kw name="Create List" library="BuiltIn">
<doc>Returns a list containing given items.</doc>
<arguments>
<arg>TEST</arg>
<arg>Chrome</arg>
</arguments>
<assign>
<var>@{env}</var>
</assign>
<msg timestamp="20240524 14:56:23.754" level="INFO">@{env} = [ TEST | Chrome ]</msg>
<status status="PASS" starttime="20240524 14:56:23.754" endtime="20240524 14:56:23.754"></status>
</kw>
<kw name="Set Global Variable" library="BuiltIn">
<doc>Makes a variable available globally in all tests and suites.</doc>
<arguments>
<arg>${env}</arg>
</arguments>
<msg timestamp="20240524 14:56:23.754" level="INFO">${env} = ['TEST', 'Chrome']</msg>
<status status="PASS" starttime="20240524 14:56:23.754" endtime="20240524 14:56:23.754"></status>
</kw>
<kw name="Open Browser" library="Selenium2Library">
<doc>Opens a new browser instance to the given ``url``.</doc>
<arguments>
<arg>${${env}[0]}[支撑平台门户路径]</arg>
<arg>${env}[1]</arg>
</arguments>
<msg timestamp="20240524 14:56:23.755" level="INFO">Opening browser 'Chrome' to base url 'https://www.baidu.com'.</msg>
<status status="PASS" starttime="20240524 14:56:23.754" endtime="20240524 14:56:28.282"></status>
</kw>
<kw name="Log To Console" library="BuiltIn">
<doc>Logs the given message to the console.</doc>
<arguments>
<arg>${${env}[0]}</arg>
</arguments>
<status status="PASS" starttime="20240524 14:56:28.283" endtime="20240524 14:56:28.283"></status>
</kw>
<status status="PASS" starttime="20240524 14:56:23.753" endtime="20240524 14:56:28.283"></status>
</kw>
<suite id="s1-s1-s1" name="业务统计查询系统" source="F:\Salvation\tmp\autoScript\uid_1\55e7230f-b9c0-4a89-b1a4-81b8aa0b6436\BSQ2023001-P8-URM-AutoTest-I-20231228\Programs\业务统计查询系统">
<suite id="s1-s1-s1-s1" name="单项选择框" source="F:\Salvation\tmp\autoScript\uid_1\55e7230f-b9c0-4a89-b1a4-81b8aa0b6436\BSQ2023001-P8-URM-AutoTest-I-20231228\Programs\业务统计查询系统\单项选择框.robot">
<test id="s1-s1-s1-s1-t1" name="单项选择框1">
<kw name="Run Keyword Unless" library="BuiltIn">
<doc>Runs the given keyword with the given arguments if ``condition`` is false.</doc>
<arguments>
<arg>'asc' contains any asc 1</arg>
<arg>FAIL</arg>
<arg>不匹配</arg>
</arguments>
<msg timestamp="20240524 14:56:28.594" level="FAIL">Evaluating expression ''asc' contains any asc 1' failed: SyntaxError: invalid syntax (&lt;string&gt;, line 1)</msg>
<status status="FAIL" starttime="20240524 14:56:28.594" endtime="20240524 14:56:28.594"></status>
</kw>
<tags>
<tag>ZXX_0012_0030</tag>
</tags>
<status status="FAIL" starttime="20240524 14:56:28.590" endtime="20240524 14:56:28.595" critical="yes">Evaluating expression ''asc' contains any asc 1' failed: SyntaxError: invalid syntax (&lt;string&gt;, line 1)</status>
</test>
<status status="FAIL" starttime="20240524 14:56:28.298" endtime="20240524 14:56:28.596"></status>
</suite>
<status status="FAIL" starttime="20240524 14:56:28.283" endtime="20240524 14:56:28.602"></status>
</suite>
<kw name="退出" library="公用关键字" type="teardown">
<kw name="Close All Browsers" library="Selenium2Library">
<doc>Closes all open browsers and resets the browser cache.</doc>
<status status="PASS" starttime="20240524 14:56:28.605" endtime="20240524 14:56:31.171"></status>
</kw>
<status status="PASS" starttime="20240524 14:56:28.605" endtime="20240524 14:56:31.171"></status>
</kw>
<status status="FAIL" starttime="20240524 14:56:22.737" endtime="20240524 14:56:31.171"></status>
</suite>
<status status="FAIL" starttime="20240524 14:56:22.620" endtime="20240524 14:56:31.172"></status>
</suite>
<statistics>
<total>
<stat pass="0" fail="1">Critical Tests</stat>
<stat pass="0" fail="1">All Tests</stat>
</total>
<tag>
<stat pass="0" fail="1">ZXX_0012_0030</stat>
</tag>
<suite>
<stat pass="0" fail="1" id="s1" name="BSQ2023001-P8-URM-AutoTest-I-20231228">BSQ2023001-P8-URM-AutoTest-I-20231228</stat>
<stat pass="0" fail="1" id="s1-s1" name="Programs">BSQ2023001-P8-URM-AutoTest-I-20231228.Programs</stat>
<stat pass="0" fail="1" id="s1-s1-s1" name="业务统计查询系统">BSQ2023001-P8-URM-AutoTest-I-20231228.Programs.业务统计查询系统</stat>
<stat pass="0" fail="1" id="s1-s1-s1-s1" name="单项选择框">BSQ2023001-P8-URM-AutoTest-I-20231228.Programs.业务统计查询系统.单项选择框</stat>
</suite>
</statistics>
<errors>
<msg timestamp="20240524 14:56:22.463" level="ERROR">Test suite initialization file in 'F:\Salvation\tmp\autoScript\uid_1\55e7230f-b9c0-4a89-b1a4-81b8aa0b6436\BSQ2023001-P8-URM-AutoTest-I-20231228\Programs' cannot contain tests or tasks.</msg>
</errors>
</robot>
